<?xml version="1.0" encoding="UTF-8"?>
<!-- Generated by org.testng.reporters.JUnitReportReporter -->
<testsuite hostname="DESKTOP-HF4K2TR" failures="0" tests="1" name="Testing.RishiHerbalSite" time="24.814" errors="0" timestamp="2024-02-27T20:32:24 IST" skipped="0">
  <testcase classname="Testing.RishiHerbalSite" name="test1" time="24.814"/>
  <system-out/>
</testsuite> <!-- Testing.RishiHerbalSite -->
